<?xml version="1.0" encoding="UTF-8"?>
<!-- Generated by org.testng.reporters.JUnitReportReporter -->
<testsuite hostname="DESKTOP-KLR1NRG" failures="0" tests="3" name="TestScenarios.TestMethods_Googlesearch" time="101.479" errors="0" timestamp="2024-11-14T13:20:19 IST" skipped="0">
  <testcase classname="TestScenarios.TestMethods_Googlesearch" name="searchOperation" time="3.388"/>
  <testcase classname="TestScenarios.TestMethods_Googlesearch" name="VerifyandAccessFacebook" time="3.636"/>
  <testcase classname="TestScenarios.TestMethods_Googlesearch" name="FacebookLogin" time="94.455"/>
</testsuite> <!-- TestScenarios.TestMethods_Googlesearch -->
